<?xml version="1.0" encoding="UTF-8"?>
<!-- Generated by org.testng.reporters.JUnitReportReporter -->
<testsuite hostname="MBP-Vera" failures="0" tests="3" name="com.reports.ReportExtend3" time="10.337" errors="0" timestamp="1 Feb 2022 13:13:03 GMT">
  <testcase classname="com.reports.ReportExtend3" name="twelveTest" time="3.181"/>
  <testcase classname="com.reports.ReportExtend3" name="ellevenTest" time="4.119"/>
  <testcase classname="com.reports.ReportExtend3" name="tenTest" time="3.037"/>
</testsuite> <!-- com.reports.ReportExtend3 -->
