<?xml version="1.0" encoding="UTF-8"?>
<!-- Generated by org.testng.reporters.JUnitReportReporter -->
<testsuite hostname="MBP-Vera" failures="0" tests="3" name="com.reports.ReportExtend3" time="10.645" errors="0" timestamp="31 Jan 2022 19:36:50 GMT">
  <testcase classname="com.reports.ReportExtend3" name="ellevenTest" time="3.087"/>
  <testcase classname="com.reports.ReportExtend3" name="twelveTest" time="4.422"/>
  <testcase classname="com.reports.ReportExtend3" name="tenTest" time="3.136"/>
</testsuite> <!-- com.reports.ReportExtend3 -->
