<?xml version="1.0" encoding="UTF-8"?>
<!-- Generated by org.testng.reporters.JUnitReportReporter -->
<testsuite hostname="MBP-Vera" failures="0" tests="3" name="ReportExtend" time="16.011" errors="0" timestamp="27 Jan 2022 17:11:29 GMT" skipped="0">
  <testcase classname="ReportExtend" name="threeTest" time="4.570"/>
  <testcase classname="ReportExtend" name="twoTest" time="6.238"/>
  <testcase classname="ReportExtend" name="oneTest" time="5.203"/>
</testsuite> <!-- ReportExtend -->
